<?xml version="1.0" encoding="UTF-8"?>
<testsuite xmlns:xsi="http://www.w3.org/2001/XMLSchema-instance" xsi:noNamespaceSchemaLocation="https://maven.apache.org/surefire/maven-surefire-plugin/xsd/surefire-test-report.xsd" name="com.example.SeleniumPageTest" time="0.038" tests="1" errors="1" skipped="0" failures="0">
  <properties>
[...]
</properties>
  <testcase name="Logins" classname="com.example.SeleniumPageTest" time="0.027">
    <error message="Cannot invoke &quot;com.example.SeleniumPageClass.navigate()&quot; because &quot;this.loginpage&quot; is null" type="java.lang.NullPointerException">java.lang.NullPointerException: Cannot invoke "com.example.SeleniumPageClass.navigate()" because "this.loginpage" is null
	at com.example.SeleniumPageTest.Logins(SeleniumPageTest.java:13)
</error>
  </testcase>
</testsuite>